This file contains any messages produced by compilers while
running configure, to aid debugging if configure makes a mistake.

It was created by prxtool configure 0.1.0, which was
generated by GNU Autoconf 2.71.  Invocation command line was

  $ ./configure --no-create --no-recursion

## --------- ##
## Platform. ##
## --------- ##

hostname = qt240
uname -m = x86_64
uname -r = 4.19.101-2-lts
uname -s = Linux
uname -v = #1 SMP Wed, 05 Feb 2020 08:33:21 +0000

/usr/bin/uname -p = unknown
/bin/uname -X     = unknown

/bin/arch              = unknown
/usr/bin/arch -k       = unknown
/usr/convex/getsysinfo = unknown
/usr/bin/hostinfo      = unknown
/bin/machine           = unknown
/usr/bin/oslevel       = unknown
/bin/universe          = unknown

PATH: /home/user/.local/bin/
PATH: /usr/local/pspdev/bin/
PATH: /usr/local/bin/
PATH: /usr/bin/
PATH: /bin/
PATH: /usr/local/sbin/
PATH: /var/lib/flatpak/exports/bin/
PATH: /usr/lib/jvm/default/bin/
PATH: /usr/bin/site_perl/
PATH: /usr/bin/vendor_perl/
PATH: /usr/bin/core_perl/


## ----------- ##
## Core tests. ##
## ----------- ##

configure:2836: looking for aux files: compile missing install-sh
configure:2849:  trying ./
configure:2878:   ./compile found
configure:2878:   ./missing found
configure:2860:   ./install-sh found
configure:2997: checking for prxtool version
configure:3005: result: 0.1.0
configure:3027: checking for a BSD-compatible install
configure:3100: result: /usr/bin/install -c
configure:3111: checking whether build environment is sane
configure:3166: result: yes
configure:3325: checking for a race-free mkdir -p
configure:3369: result: /usr/bin/mkdir -p
configure:3376: checking for gawk
configure:3397: found /usr/bin/gawk
configure:3408: result: gawk
configure:3419: checking whether make sets $(MAKE)
configure:3442: result: yes
configure:3472: checking whether make supports nested variables
configure:3490: result: yes
configure:3698: checking for g++
configure:3719: found /usr/bin/g++
configure:3730: result: g++
configure:3757: checking for C++ compiler version
configure:3766: g++ --version >&5
g++ (GCC) 11.2.0
Copyright (C) 2021 Free Software Foundation, Inc.
This is free software; see the source for copying conditions.  There is NO
warranty; not even for MERCHANTABILITY or FITNESS FOR A PARTICULAR PURPOSE.

configure:3777: $? = 0
configure:3766: g++ -v >&5
Using built-in specs.
COLLECT_GCC=g++
COLLECT_LTO_WRAPPER=/usr/lib/gcc/x86_64-pc-linux-gnu/11.2.0/lto-wrapper
Target: x86_64-pc-linux-gnu
Configured with: /build/gcc/src/gcc/configure --prefix=/usr --libdir=/usr/lib --libexecdir=/usr/lib --mandir=/usr/share/man --infodir=/usr/share/info --with-bugurl=https://bugs.archlinux.org/ --enable-languages=c,c++,ada,fortran,go,lto,objc,obj-c++,d --with-isl --with-linker-hash-style=gnu --with-system-zlib --enable-__cxa_atexit --enable-cet=auto --enable-checking=release --enable-clocale=gnu --enable-default-pie --enable-default-ssp --enable-gnu-indirect-function --enable-gnu-unique-object --enable-linker-build-id --enable-lto --enable-multilib --enable-pgo-build=lto --enable-plugin --enable-shared --enable-threads=posix --disable-libssp --disable-libstdcxx-pch --disable-werror --with-build-config=bootstrap-lto --enable-link-serialization=1 gdc_include_dir=/usr/include/dlang/gdc
Thread model: posix
Supported LTO compression algorithms: zlib zstd
gcc version 11.2.0 (GCC) 
configure:3777: $? = 0
configure:3766: g++ -V >&5
g++: error: unrecognized command-line option '-V'
g++: fatal error: no input files
compilation terminated.
configure:3777: $? = 1
configure:3766: g++ -qversion >&5
g++: error: unrecognized command-line option '-qversion'; did you mean '--version'?
g++: fatal error: no input files
compilation terminated.
configure:3777: $? = 1
configure:3797: checking whether the C++ compiler works
configure:3819: g++    conftest.cpp  >&5
configure:3823: $? = 0
configure:3873: result: yes
configure:3876: checking for C++ compiler default output file name
configure:3878: result: a.out
configure:3884: checking for suffix of executables
configure:3891: g++ -o conftest    conftest.cpp  >&5
configure:3895: $? = 0
configure:3918: result: 
configure:3940: checking whether we are cross compiling
configure:3948: g++ -o conftest    conftest.cpp  >&5
configure:3952: $? = 0
configure:3959: ./conftest
configure:3963: $? = 0
configure:3978: result: no
configure:3983: checking for suffix of object files
configure:4006: g++ -c   conftest.cpp >&5
configure:4010: $? = 0
configure:4032: result: o
configure:4036: checking whether the compiler supports GNU C++
configure:4056: g++ -c   conftest.cpp >&5
configure:4056: $? = 0
configure:4066: result: yes
configure:4077: checking whether g++ accepts -g
configure:4098: g++ -c -g  conftest.cpp >&5
configure:4098: $? = 0
configure:4142: result: yes
configure:4162: checking for g++ option to enable C++11 features
configure:4177: g++  -c -g -O2  conftest.cpp >&5
conftest.cpp: In function 'int main(int, char**)':
conftest.cpp:177:25: warning: empty parentheses were disambiguated as a function declaration [-Wvexing-parse]
  177 |   cxx11test::delegate d2();
      |                         ^~
conftest.cpp:177:25: note: remove parentheses to default-initialize a variable
  177 |   cxx11test::delegate d2();
      |                         ^~
      |                         --
conftest.cpp:177:25: note: or replace parentheses with braces to value-initialize a variable
configure:4177: $? = 0
configure:4195: result: none needed
configure:4262: checking whether make supports the include directive
configure:4277: make -f confmf.GNU && cat confinc.out
make[1]: Entering directory '/home/user/Projects/psp-prx-dbg/prxtool'
make[1]: Leaving directory '/home/user/Projects/psp-prx-dbg/prxtool'
this is the am__doit target
configure:4280: $? = 0
configure:4299: result: yes (GNU style)
configure:4325: checking dependency style of g++
configure:4437: result: gcc3
configure:4514: checking for gcc
configure:4535: found /usr/bin/gcc
configure:4546: result: gcc
configure:4899: checking for C compiler version
configure:4908: gcc --version >&5
gcc (GCC) 11.2.0
Copyright (C) 2021 Free Software Foundation, Inc.
This is free software; see the source for copying conditions.  There is NO
warranty; not even for MERCHANTABILITY or FITNESS FOR A PARTICULAR PURPOSE.

configure:4919: $? = 0
configure:4908: gcc -v >&5
Using built-in specs.
COLLECT_GCC=gcc
COLLECT_LTO_WRAPPER=/usr/lib/gcc/x86_64-pc-linux-gnu/11.2.0/lto-wrapper
Target: x86_64-pc-linux-gnu
Configured with: /build/gcc/src/gcc/configure --prefix=/usr --libdir=/usr/lib --libexecdir=/usr/lib --mandir=/usr/share/man --infodir=/usr/share/info --with-bugurl=https://bugs.archlinux.org/ --enable-languages=c,c++,ada,fortran,go,lto,objc,obj-c++,d --with-isl --with-linker-hash-style=gnu --with-system-zlib --enable-__cxa_atexit --enable-cet=auto --enable-checking=release --enable-clocale=gnu --enable-default-pie --enable-default-ssp --enable-gnu-indirect-function --enable-gnu-unique-object --enable-linker-build-id --enable-lto --enable-multilib --enable-pgo-build=lto --enable-plugin --enable-shared --enable-threads=posix --disable-libssp --disable-libstdcxx-pch --disable-werror --with-build-config=bootstrap-lto --enable-link-serialization=1 gdc_include_dir=/usr/include/dlang/gdc
Thread model: posix
Supported LTO compression algorithms: zlib zstd
gcc version 11.2.0 (GCC) 
configure:4919: $? = 0
configure:4908: gcc -V >&5
gcc: error: unrecognized command-line option '-V'
gcc: fatal error: no input files
compilation terminated.
configure:4919: $? = 1
configure:4908: gcc -qversion >&5
gcc: error: unrecognized command-line option '-qversion'; did you mean '--version'?
gcc: fatal error: no input files
compilation terminated.
configure:4919: $? = 1
configure:4908: gcc -version >&5
gcc: error: unrecognized command-line option '-version'
gcc: fatal error: no input files
compilation terminated.
configure:4919: $? = 1
configure:4923: checking whether the compiler supports GNU C
configure:4943: gcc -c   conftest.c >&5
configure:4943: $? = 0
configure:4953: result: yes
configure:4964: checking whether gcc accepts -g
configure:4985: gcc -c -g  conftest.c >&5
configure:4985: $? = 0
configure:5029: result: yes
configure:5049: checking for gcc option to enable C11 features
configure:5064: gcc  -c -g -O2  conftest.c >&5
configure:5064: $? = 0
configure:5082: result: none needed
configure:5198: checking whether gcc understands -c and -o together
configure:5221: gcc -c conftest.c -o conftest2.o
configure:5224: $? = 0
configure:5221: gcc -c conftest.c -o conftest2.o
configure:5224: $? = 0
configure:5236: result: yes
configure:5255: checking dependency style of gcc
configure:5367: result: gcc3
configure:5391: checking for stdio.h
configure:5391: gcc -c -g -O2  conftest.c >&5
configure:5391: $? = 0
configure:5391: result: yes
configure:5391: checking for stdlib.h
configure:5391: gcc -c -g -O2  conftest.c >&5
configure:5391: $? = 0
configure:5391: result: yes
configure:5391: checking for string.h
configure:5391: gcc -c -g -O2  conftest.c >&5
configure:5391: $? = 0
configure:5391: result: yes
configure:5391: checking for inttypes.h
configure:5391: gcc -c -g -O2  conftest.c >&5
configure:5391: $? = 0
configure:5391: result: yes
configure:5391: checking for stdint.h
configure:5391: gcc -c -g -O2  conftest.c >&5
configure:5391: $? = 0
configure:5391: result: yes
configure:5391: checking for strings.h
configure:5391: gcc -c -g -O2  conftest.c >&5
configure:5391: $? = 0
configure:5391: result: yes
configure:5391: checking for sys/stat.h
configure:5391: gcc -c -g -O2  conftest.c >&5
configure:5391: $? = 0
configure:5391: result: yes
configure:5391: checking for sys/types.h
configure:5391: gcc -c -g -O2  conftest.c >&5
configure:5391: $? = 0
configure:5391: result: yes
configure:5391: checking for unistd.h
configure:5391: gcc -c -g -O2  conftest.c >&5
configure:5391: $? = 0
configure:5391: result: yes
configure:5416: checking for grep that handles long lines and -e
configure:5480: result: /usr/bin/grep
configure:5488: checking for egrep
configure:5556: result: /usr/bin/grep -E
configure:5562: checking for stddef.h
configure:5562: gcc -c -g -O2  conftest.c >&5
configure:5562: $? = 0
configure:5562: result: yes
configure:5568: checking for stdlib.h
configure:5568: result: yes
configure:5574: checking for string.h
configure:5574: result: yes
configure:5580: checking for unistd.h
configure:5580: result: yes
configure:5588: checking for stdint types
configure:5612: gcc -c   conftest.c >&5
configure:5612: $? = 0
configure:5638: result: stdint.h (shortcircuit)
configure:6035: result: make use of stdint.h in _stdint.h (assuming C99 compatible system)
configure:6044: checking for _Bool
configure:6044: gcc -c -g -O2  conftest.c >&5
configure:6044: $? = 0
configure:6044: gcc -c -g -O2  conftest.c >&5
conftest.c: In function 'main':
conftest.c:56:20: error: expected expression before ')' token
   56 | if (sizeof ((_Bool)))
      |                    ^
configure:6044: $? = 1
configure: failed program was:
| /* confdefs.h */
| #define PACKAGE_NAME "prxtool"
| #define PACKAGE_TARNAME "prxtool"
| #define PACKAGE_VERSION "0.1.0"
| #define PACKAGE_STRING "prxtool 0.1.0"
| #define PACKAGE_BUGREPORT ""
| #define PACKAGE_URL ""
| #define PACKAGE "prxtool"
| #define VERSION "0.1.0"
| #define HAVE_STDIO_H 1
| #define HAVE_STDLIB_H 1
| #define HAVE_STRING_H 1
| #define HAVE_INTTYPES_H 1
| #define HAVE_STDINT_H 1
| #define HAVE_STRINGS_H 1
| #define HAVE_SYS_STAT_H 1
| #define HAVE_SYS_TYPES_H 1
| #define HAVE_UNISTD_H 1
| #define STDC_HEADERS 1
| #define HAVE_STDDEF_H 1
| #define HAVE_STDLIB_H 1
| #define HAVE_STRING_H 1
| #define HAVE_UNISTD_H 1
| /* end confdefs.h.  */
| #include <stddef.h>
| #ifdef HAVE_STDIO_H
| # include <stdio.h>
| #endif
| #ifdef HAVE_STDLIB_H
| # include <stdlib.h>
| #endif
| #ifdef HAVE_STRING_H
| # include <string.h>
| #endif
| #ifdef HAVE_INTTYPES_H
| # include <inttypes.h>
| #endif
| #ifdef HAVE_STDINT_H
| # include <stdint.h>
| #endif
| #ifdef HAVE_STRINGS_H
| # include <strings.h>
| #endif
| #ifdef HAVE_SYS_TYPES_H
| # include <sys/types.h>
| #endif
| #ifdef HAVE_SYS_STAT_H
| # include <sys/stat.h>
| #endif
| #ifdef HAVE_UNISTD_H
| # include <unistd.h>
| #endif
| int
| main (void)
| {
| if (sizeof ((_Bool)))
| 	    return 0;
|   ;
|   return 0;
| }
configure:6044: result: yes
configure:6053: checking for stdbool.h that conforms to C99
configure:6169: gcc -c -g -O2  conftest.c >&5
configure:6169: $? = 0
configure:6177: result: yes
configure:6186: checking for an ANSI C-conforming const
configure:6253: gcc -c -g -O2  conftest.c >&5
configure:6253: $? = 0
configure:6261: result: yes
configure:6269: checking for inline
configure:6286: gcc -c -g -O2  conftest.c >&5
configure:6286: $? = 0
configure:6295: result: inline
configure:6313: checking for size_t
configure:6313: gcc -c -g -O2  conftest.c >&5
configure:6313: $? = 0
configure:6313: gcc -c -g -O2  conftest.c >&5
conftest.c: In function 'main':
conftest.c:58:21: error: expected expression before ')' token
   58 | if (sizeof ((size_t)))
      |                     ^
configure:6313: $? = 1
configure: failed program was:
| /* confdefs.h */
| #define PACKAGE_NAME "prxtool"
| #define PACKAGE_TARNAME "prxtool"
| #define PACKAGE_VERSION "0.1.0"
| #define PACKAGE_STRING "prxtool 0.1.0"
| #define PACKAGE_BUGREPORT ""
| #define PACKAGE_URL ""
| #define PACKAGE "prxtool"
| #define VERSION "0.1.0"
| #define HAVE_STDIO_H 1
| #define HAVE_STDLIB_H 1
| #define HAVE_STRING_H 1
| #define HAVE_INTTYPES_H 1
| #define HAVE_STDINT_H 1
| #define HAVE_STRINGS_H 1
| #define HAVE_SYS_STAT_H 1
| #define HAVE_SYS_TYPES_H 1
| #define HAVE_UNISTD_H 1
| #define STDC_HEADERS 1
| #define HAVE_STDDEF_H 1
| #define HAVE_STDLIB_H 1
| #define HAVE_STRING_H 1
| #define HAVE_UNISTD_H 1
| #define HAVE__BOOL 1
| #define HAVE_STDBOOL_H 1
| /* end confdefs.h.  */
| #include <stddef.h>
| #ifdef HAVE_STDIO_H
| # include <stdio.h>
| #endif
| #ifdef HAVE_STDLIB_H
| # include <stdlib.h>
| #endif
| #ifdef HAVE_STRING_H
| # include <string.h>
| #endif
| #ifdef HAVE_INTTYPES_H
| # include <inttypes.h>
| #endif
| #ifdef HAVE_STDINT_H
| # include <stdint.h>
| #endif
| #ifdef HAVE_STRINGS_H
| # include <strings.h>
| #endif
| #ifdef HAVE_SYS_TYPES_H
| # include <sys/types.h>
| #endif
| #ifdef HAVE_SYS_STAT_H
| # include <sys/stat.h>
| #endif
| #ifdef HAVE_UNISTD_H
| # include <unistd.h>
| #endif
| int
| main (void)
| {
| if (sizeof ((size_t)))
| 	    return 0;
|   ;
|   return 0;
| }
configure:6313: result: yes
configure:6323: checking for ptrdiff_t
configure:6323: gcc -c -g -O2  conftest.c >&5
configure:6323: $? = 0
configure:6323: gcc -c -g -O2  conftest.c >&5
conftest.c: In function 'main':
conftest.c:58:24: error: expected expression before ')' token
   58 | if (sizeof ((ptrdiff_t)))
      |                        ^
configure:6323: $? = 1
configure: failed program was:
| /* confdefs.h */
| #define PACKAGE_NAME "prxtool"
| #define PACKAGE_TARNAME "prxtool"
| #define PACKAGE_VERSION "0.1.0"
| #define PACKAGE_STRING "prxtool 0.1.0"
| #define PACKAGE_BUGREPORT ""
| #define PACKAGE_URL ""
| #define PACKAGE "prxtool"
| #define VERSION "0.1.0"
| #define HAVE_STDIO_H 1
| #define HAVE_STDLIB_H 1
| #define HAVE_STRING_H 1
| #define HAVE_INTTYPES_H 1
| #define HAVE_STDINT_H 1
| #define HAVE_STRINGS_H 1
| #define HAVE_SYS_STAT_H 1
| #define HAVE_SYS_TYPES_H 1
| #define HAVE_UNISTD_H 1
| #define STDC_HEADERS 1
| #define HAVE_STDDEF_H 1
| #define HAVE_STDLIB_H 1
| #define HAVE_STRING_H 1
| #define HAVE_UNISTD_H 1
| #define HAVE__BOOL 1
| #define HAVE_STDBOOL_H 1
| /* end confdefs.h.  */
| #include <stddef.h>
| #ifdef HAVE_STDIO_H
| # include <stdio.h>
| #endif
| #ifdef HAVE_STDLIB_H
| # include <stdlib.h>
| #endif
| #ifdef HAVE_STRING_H
| # include <string.h>
| #endif
| #ifdef HAVE_INTTYPES_H
| # include <inttypes.h>
| #endif
| #ifdef HAVE_STDINT_H
| # include <stdint.h>
| #endif
| #ifdef HAVE_STRINGS_H
| # include <strings.h>
| #endif
| #ifdef HAVE_SYS_TYPES_H
| # include <sys/types.h>
| #endif
| #ifdef HAVE_SYS_STAT_H
| # include <sys/stat.h>
| #endif
| #ifdef HAVE_UNISTD_H
| # include <unistd.h>
| #endif
| int
| main (void)
| {
| if (sizeof ((ptrdiff_t)))
| 	    return 0;
|   ;
|   return 0;
| }
configure:6323: result: yes
configure:6332: checking whether byte ordering is bigendian
configure:6348: gcc -c -g -O2  conftest.c >&5
conftest.c:29:16: error: unknown type name 'not'
   29 |                not a universal capable compiler
      |                ^~~
conftest.c:29:22: error: expected '=', ',', ';', 'asm' or '__attribute__' before 'universal'
   29 |                not a universal capable compiler
      |                      ^~~~~~~~~
conftest.c:29:22: error: unknown type name 'universal'
configure:6348: $? = 1
configure: failed program was:
| /* confdefs.h */
| #define PACKAGE_NAME "prxtool"
| #define PACKAGE_TARNAME "prxtool"
| #define PACKAGE_VERSION "0.1.0"
| #define PACKAGE_STRING "prxtool 0.1.0"
| #define PACKAGE_BUGREPORT ""
| #define PACKAGE_URL ""
| #define PACKAGE "prxtool"
| #define VERSION "0.1.0"
| #define HAVE_STDIO_H 1
| #define HAVE_STDLIB_H 1
| #define HAVE_STRING_H 1
| #define HAVE_INTTYPES_H 1
| #define HAVE_STDINT_H 1
| #define HAVE_STRINGS_H 1
| #define HAVE_SYS_STAT_H 1
| #define HAVE_SYS_TYPES_H 1
| #define HAVE_UNISTD_H 1
| #define STDC_HEADERS 1
| #define HAVE_STDDEF_H 1
| #define HAVE_STDLIB_H 1
| #define HAVE_STRING_H 1
| #define HAVE_UNISTD_H 1
| #define HAVE__BOOL 1
| #define HAVE_STDBOOL_H 1
| #define HAVE_PTRDIFF_T 1
| /* end confdefs.h.  */
| #ifndef __APPLE_CC__
| 	       not a universal capable compiler
| 	     #endif
| 	     typedef int dummy;
| 
configure:6394: gcc -c -g -O2  conftest.c >&5
configure:6394: $? = 0
configure:6413: gcc -c -g -O2  conftest.c >&5
conftest.c: In function 'main':
conftest.c:35:18: error: unknown type name 'not'; did you mean 'ino_t'?
   35 |                  not big endian
      |                  ^~~
      |                  ino_t
conftest.c:35:26: error: expected '=', ',', ';', 'asm' or '__attribute__' before 'endian'
   35 |                  not big endian
      |                          ^~~~~~
configure:6413: $? = 1
configure: failed program was:
| /* confdefs.h */
| #define PACKAGE_NAME "prxtool"
| #define PACKAGE_TARNAME "prxtool"
| #define PACKAGE_VERSION "0.1.0"
| #define PACKAGE_STRING "prxtool 0.1.0"
| #define PACKAGE_BUGREPORT ""
| #define PACKAGE_URL ""
| #define PACKAGE "prxtool"
| #define VERSION "0.1.0"
| #define HAVE_STDIO_H 1
| #define HAVE_STDLIB_H 1
| #define HAVE_STRING_H 1
| #define HAVE_INTTYPES_H 1
| #define HAVE_STDINT_H 1
| #define HAVE_STRINGS_H 1
| #define HAVE_SYS_STAT_H 1
| #define HAVE_SYS_TYPES_H 1
| #define HAVE_UNISTD_H 1
| #define STDC_HEADERS 1
| #define HAVE_STDDEF_H 1
| #define HAVE_STDLIB_H 1
| #define HAVE_STRING_H 1
| #define HAVE_UNISTD_H 1
| #define HAVE__BOOL 1
| #define HAVE_STDBOOL_H 1
| #define HAVE_PTRDIFF_T 1
| /* end confdefs.h.  */
| #include <sys/types.h>
| 		#include <sys/param.h>
| 
| int
| main (void)
| {
| #if BYTE_ORDER != BIG_ENDIAN
| 		 not big endian
| 		#endif
| 
|   ;
|   return 0;
| }
configure:6547: result: no
configure:6567: checking for memset
configure:6567: gcc -o conftest -g -O2   conftest.c  >&5
conftest.c:44:6: warning: conflicting types for built-in function 'memset'; expected 'void *(void *, int,  long unsigned int)' [-Wbuiltin-declaration-mismatch]
   44 | char memset ();
      |      ^~~~~~
conftest.c:36:1: note: 'memset' is declared in header '<string.h>'
   35 | #include <limits.h>
   36 | #undef memset
configure:6567: $? = 0
configure:6567: result: yes
configure:6573: checking for strchr
configure:6573: gcc -o conftest -g -O2   conftest.c  >&5
conftest.c:45:6: warning: conflicting types for built-in function 'strchr'; expected 'char *(const char *, int)' [-Wbuiltin-declaration-mismatch]
   45 | char strchr ();
      |      ^~~~~~
conftest.c:37:1: note: 'strchr' is declared in header '<string.h>'
   36 | #include <limits.h>
   37 | #undef strchr
configure:6573: $? = 0
configure:6573: result: yes
configure:6579: checking for strtoul
configure:6579: gcc -o conftest -g -O2   conftest.c  >&5
configure:6579: $? = 0
configure:6579: result: yes
configure:6690: checking that generated files are newer than configure
configure:6696: result: done
configure:6724: creating ./config.status

## ---------------- ##
## Cache variables. ##
## ---------------- ##

ac_cv_c_bigendian=no
ac_cv_c_compiler_gnu=yes
ac_cv_c_const=yes
ac_cv_c_inline=inline
ac_cv_cxx_compiler_gnu=yes
ac_cv_env_CCC_set=
ac_cv_env_CCC_value=
ac_cv_env_CC_set=
ac_cv_env_CC_value=
ac_cv_env_CFLAGS_set=
ac_cv_env_CFLAGS_value=
ac_cv_env_CPPFLAGS_set=
ac_cv_env_CPPFLAGS_value=
ac_cv_env_CXXFLAGS_set=
ac_cv_env_CXXFLAGS_value=
ac_cv_env_CXX_set=
ac_cv_env_CXX_value=
ac_cv_env_LDFLAGS_set=
ac_cv_env_LDFLAGS_value=
ac_cv_env_LIBS_set=
ac_cv_env_LIBS_value=
ac_cv_env_build_alias_set=
ac_cv_env_build_alias_value=
ac_cv_env_host_alias_set=
ac_cv_env_host_alias_value=
ac_cv_env_target_alias_set=
ac_cv_env_target_alias_value=
ac_cv_func_memset=yes
ac_cv_func_strchr=yes
ac_cv_func_strtoul=yes
ac_cv_header_inttypes_h=yes
ac_cv_header_stdbool_h=yes
ac_cv_header_stddef_h=yes
ac_cv_header_stdint=stdint.h
ac_cv_header_stdint_h=yes
ac_cv_header_stdint_t=stdint.h
ac_cv_header_stdio_h=yes
ac_cv_header_stdlib_h=yes
ac_cv_header_string_h=yes
ac_cv_header_strings_h=yes
ac_cv_header_sys_stat_h=yes
ac_cv_header_sys_types_h=yes
ac_cv_header_unistd_h=yes
ac_cv_objext=o
ac_cv_path_EGREP='/usr/bin/grep -E'
ac_cv_path_GREP=/usr/bin/grep
ac_cv_path_install='/usr/bin/install -c'
ac_cv_path_mkdir=/usr/bin/mkdir
ac_cv_prog_AWK=gawk
ac_cv_prog_ac_ct_CC=gcc
ac_cv_prog_ac_ct_CXX=g++
ac_cv_prog_cc_c11=
ac_cv_prog_cc_g=yes
ac_cv_prog_cc_stdc=
ac_cv_prog_cxx_11=no
ac_cv_prog_cxx_cxx11=
ac_cv_prog_cxx_g=yes
ac_cv_prog_cxx_stdcxx=
ac_cv_prog_make_make_set=yes
ac_cv_stdint_message='using gnu compiler gcc (GCC) 11.2.0'
ac_cv_stdint_result='(assuming C99 compatible system)'
ac_cv_type__Bool=yes
ac_cv_type_ptrdiff_t=yes
ac_cv_type_size_t=yes
am_cv_CC_dependencies_compiler_type=gcc3
am_cv_CXX_dependencies_compiler_type=gcc3
am_cv_make_support_nested_variables=yes
am_cv_prog_cc_c_o=yes

## ----------------- ##
## Output variables. ##
## ----------------- ##

ACLOCAL='${SHELL} '\''/home/user/Projects/psp-prx-dbg/prxtool/missing'\'' aclocal-1.16'
AMDEPBACKSLASH='\'
AMDEP_FALSE='#'
AMDEP_TRUE=''
AMTAR='$${TAR-tar}'
AM_BACKSLASH='\'
AM_DEFAULT_V='$(AM_DEFAULT_VERBOSITY)'
AM_DEFAULT_VERBOSITY='1'
AM_V='$(V)'
AUTOCONF='${SHELL} '\''/home/user/Projects/psp-prx-dbg/prxtool/missing'\'' autoconf'
AUTOHEADER='${SHELL} '\''/home/user/Projects/psp-prx-dbg/prxtool/missing'\'' autoheader'
AUTOMAKE='${SHELL} '\''/home/user/Projects/psp-prx-dbg/prxtool/missing'\'' automake-1.16'
AWK='gawk'
CC='gcc'
CCDEPMODE='depmode=gcc3'
CFLAGS='-g -O2'
CPPFLAGS=''
CSCOPE='cscope'
CTAGS='ctags'
CXX='g++'
CXXDEPMODE='depmode=gcc3'
CXXFLAGS='-g -O2'
CYGPATH_W='echo'
DEFS='-DHAVE_CONFIG_H'
DEPDIR='.deps'
ECHO_C=''
ECHO_N='-n'
ECHO_T=''
EGREP='/usr/bin/grep -E'
ETAGS='etags'
EXEEXT=''
GREP='/usr/bin/grep'
INSTALL_DATA='${INSTALL} -m 644'
INSTALL_PROGRAM='${INSTALL}'
INSTALL_SCRIPT='${INSTALL}'
INSTALL_STRIP_PROGRAM='$(install_sh) -c -s'
LDFLAGS=''
LIBOBJS=''
LIBS=''
LTLIBOBJS=''
MAKEINFO='${SHELL} '\''/home/user/Projects/psp-prx-dbg/prxtool/missing'\'' makeinfo'
MKDIR_P='/usr/bin/mkdir -p'
OBJEXT='o'
PACKAGE='prxtool'
PACKAGE_BUGREPORT=''
PACKAGE_NAME='prxtool'
PACKAGE_STRING='prxtool 0.1.0'
PACKAGE_TARNAME='prxtool'
PACKAGE_URL=''
PACKAGE_VERSION='0.1.0'
PATH_SEPARATOR=':'
SET_MAKE=''
SHELL='/bin/sh'
STRIP=''
VERSION='0.1.0'
ac_ct_CC='gcc'
ac_ct_CXX='g++'
am__EXEEXT_FALSE=''
am__EXEEXT_TRUE='#'
am__fastdepCC_FALSE='#'
am__fastdepCC_TRUE=''
am__fastdepCXX_FALSE='#'
am__fastdepCXX_TRUE=''
am__include='include'
am__isrc=''
am__leading_dot='.'
am__nodep='_no'
am__quote=''
am__tar='$${TAR-tar} chof - "$$tardir"'
am__untar='$${TAR-tar} xf -'
bindir='${exec_prefix}/bin'
build_alias=''
datadir='${datarootdir}'
datarootdir='${prefix}/share'
docdir='${datarootdir}/doc/${PACKAGE_TARNAME}'
dvidir='${docdir}'
exec_prefix='${prefix}'
host_alias=''
htmldir='${docdir}'
includedir='${prefix}/include'
infodir='${datarootdir}/info'
install_sh='${SHELL} /home/user/Projects/psp-prx-dbg/prxtool/install-sh'
libdir='${exec_prefix}/lib'
libexecdir='${exec_prefix}/libexec'
localedir='${datarootdir}/locale'
localstatedir='${prefix}/var'
mandir='${datarootdir}/man'
mkdir_p='$(MKDIR_P)'
oldincludedir='/usr/include'
pdfdir='${docdir}'
prefix='/usr/local'
program_transform_name='s,x,x,'
psdir='${docdir}'
runstatedir='${localstatedir}/run'
sbindir='${exec_prefix}/sbin'
sharedstatedir='${prefix}/com'
sysconfdir='${prefix}/etc'
target_alias=''

## ----------- ##
## confdefs.h. ##
## ----------- ##

/* confdefs.h */
#define PACKAGE_NAME "prxtool"
#define PACKAGE_TARNAME "prxtool"
#define PACKAGE_VERSION "0.1.0"
#define PACKAGE_STRING "prxtool 0.1.0"
#define PACKAGE_BUGREPORT ""
#define PACKAGE_URL ""
#define PACKAGE "prxtool"
#define VERSION "0.1.0"
#define HAVE_STDIO_H 1
#define HAVE_STDLIB_H 1
#define HAVE_STRING_H 1
#define HAVE_INTTYPES_H 1
#define HAVE_STDINT_H 1
#define HAVE_STRINGS_H 1
#define HAVE_SYS_STAT_H 1
#define HAVE_SYS_TYPES_H 1
#define HAVE_UNISTD_H 1
#define STDC_HEADERS 1
#define HAVE_STDDEF_H 1
#define HAVE_STDLIB_H 1
#define HAVE_STRING_H 1
#define HAVE_UNISTD_H 1
#define HAVE__BOOL 1
#define HAVE_STDBOOL_H 1
#define HAVE_PTRDIFF_T 1
#define HAVE_MEMSET 1
#define HAVE_STRCHR 1
#define HAVE_STRTOUL 1

configure: exit 0

## ---------------------- ##
## Running config.status. ##
## ---------------------- ##

This file was extended by prxtool config.status 0.1.0, which was
generated by GNU Autoconf 2.71.  Invocation command line was

  CONFIG_FILES    = 
  CONFIG_HEADERS  = 
  CONFIG_LINKS    = 
  CONFIG_COMMANDS = 
  $ ./config.status config.h

on qt240

config.status:883: creating config.h
config.status:1064: config.h is unchanged

## ---------------------- ##
## Running config.status. ##
## ---------------------- ##

This file was extended by prxtool config.status 0.1.0, which was
generated by GNU Autoconf 2.71.  Invocation command line was

  CONFIG_FILES    = 
  CONFIG_HEADERS  = 
  CONFIG_LINKS    = 
  CONFIG_COMMANDS = 
  $ ./config.status 

on qt240

config.status:883: creating Makefile
config.status:883: creating config.h
config.status:1064: config.h is unchanged
config.status:1112: executing depfiles commands
config.status:1189: cd .       && sed -e '/# am--include-marker/d' Makefile         | make -f - am--depfiles
make[2]: Entering directory '/home/user/Projects/psp-prx-dbg/prxtool'
make[2]: Nothing to be done for 'am--depfiles'.
make[2]: Leaving directory '/home/user/Projects/psp-prx-dbg/prxtool'
config.status:1194: $? = 0
config.status:1112: executing _stdint.h commands
config.status:1216: creating _stdint.h : _PRXTOOL__STDINT_H
config.status:1648: _stdint.h is unchanged
